0 info it worked if it ends with ok
1 verbose cli [ '/usr/local/bin/node',
1 verbose cli   '/usr/local/bin/npm',
1 verbose cli   'publish',
1 verbose cli   '--force' ]
2 info using npm@2.14.7
3 info using node@v4.2.1
4 warn using --force I sure hope you know what you are doing.
5 verbose publish [ '.' ]
6 silly cache add args [ '.', null ]
7 verbose cache add spec .
8 silly cache add parsed spec Result {
8 silly cache add   raw: '.',
8 silly cache add   scope: null,
8 silly cache add   name: null,
8 silly cache add   rawSpec: '.',
8 silly cache add   spec: '/Users/edwardirby/Workspace/jsontosass-loader',
8 silly cache add   type: 'directory' }
9 verbose addLocalDirectory /Users/edwardirby/.npm/jsontosass-loader/0.1.6/package.tgz not in flight; packing
10 verbose tar pack [ '/Users/edwardirby/.npm/jsontosass-loader/0.1.6/package.tgz',
10 verbose tar pack   '/Users/edwardirby/Workspace/jsontosass-loader' ]
11 verbose tarball /Users/edwardirby/.npm/jsontosass-loader/0.1.6/package.tgz
12 verbose folder /Users/edwardirby/Workspace/jsontosass-loader
13 info prepublish jsontosass-loader@0.1.6
14 verbose addLocalTarball adding from inside cache /Users/edwardirby/.npm/jsontosass-loader/0.1.6/package.tgz
15 silly cache afterAdd jsontosass-loader@0.1.6
16 verbose afterAdd /Users/edwardirby/.npm/jsontosass-loader/0.1.6/package/package.json not in flight; writing
17 verbose afterAdd /Users/edwardirby/.npm/jsontosass-loader/0.1.6/package/package.json written
18 silly publish { name: 'jsontosass-loader',
18 silly publish   version: '0.1.6',
18 silly publish   author: { name: 'Edward Irby @edwardirby' },
18 silly publish   description: 'jsonToSass loader module for webpack',
18 silly publish   files: [ 'index.js' ],
18 silly publish   dependencies: { 'loader-utils': '~0.2.11' },
18 silly publish   repository:
18 silly publish    { type: 'git',
18 silly publish      url: 'git+https://github.com/EdwardIrby/jsontosass-loader.git' },
18 silly publish   bugs: { url: 'https://github.com/EdwardIrby/jsontosass-loader.git/issues' },
18 silly publish   readme: '# json to sass loader for webpack\n\n### 0.1.6 Changes\n- **Flagged as cacheable**\n- **Simpler implementation** (See Example Config)\n- **Marked dependencies** (triggers build on webpack watch and webpack-dev-server when vars file is changed)\n\n\n### Installation\n\n`npm install jsontosass-loader --save-dev`\n\n## Usage\n\n[Documentation: Using loaders](http://webpack.github.io/docs/using-loaders.html)\n\n### Example config\n**You can use either a json file or a js file with the module.exports syntax as your vars file.**\n\n``` javascript\nvar sassVars = \'path/to/your/vars.js|json\';\nvar webpackConfig = {\n    module: {\n        loaders:[\n            {test: /.scss$/, loader: "style!css!sass!jsontosass?path="+ sassVars}\n        ]\n    },\n}\n\n```\n\n**Input [YourVars.json file]**\n``` json\n{\n"breakpoints":{\n    "portraitS": "320px",\n    "portraitM": "360px",\n    "portraitL": "414px",\n  },\n  "localNavHeight":"50px",\n}\n```\n**Input [YourVars.js file]**\n``` js\nmodule.exports = {\n  "breakpoints":{\n      "portraitS": "320px",\n      "portraitM": "360px",\n      "portraitL": "414px",\n    },\n    "localNavHeight":"50px",\n}\n```\n**Output SCSS**\n``` scss\n$breakpoints:(portraitS:320px,portraitM:360px,portraitL:414px);\n$localNavHeight:50px;\n```\n\n\nForked from gist: [jsonToSassVars](https://gist.github.com/Kasu/ea4f4861a81e626ea308) and [prepend-loader](https://gist.github.com/Kasu/29452051023ff5337bd7)\n\n## License\n\nMIT (http://www.opensource.org/licenses/mit-license.php)\n',
18 silly publish   readmeFilename: 'README.md',
18 silly publish   gitHead: '56aea0a9e776a9aaac5fa208e063ea8cd0c66523',
18 silly publish   homepage: 'https://github.com/EdwardIrby/jsontosass-loader#readme',
18 silly publish   _id: 'jsontosass-loader@0.1.6',
18 silly publish   scripts: {},
18 silly publish   _shasum: '384ea71a1a4ff8875f431b3ffd700bda1860079f',
18 silly publish   _from: '.' }
19 verbose getPublishConfig undefined
20 silly mapToRegistry name jsontosass-loader
21 silly mapToRegistry using default registry
22 silly mapToRegistry registry https://registry.npmjs.org/
23 silly mapToRegistry uri https://registry.npmjs.org/jsontosass-loader
24 verbose publish registryBase https://registry.npmjs.org/
25 silly publish uploading /Users/edwardirby/.npm/jsontosass-loader/0.1.6/package.tgz
26 verbose request uri https://registry.npmjs.org/jsontosass-loader
27 verbose request sending authorization for write operation
28 info attempt registry request try #1 at 2:37:33 AM
29 verbose request using bearer token for auth
30 verbose request id 90931af9b6b74354
31 http request PUT https://registry.npmjs.org/jsontosass-loader
32 http 403 https://registry.npmjs.org/jsontosass-loader
33 verbose headers { 'content-type': 'application/json',
33 verbose headers   'cache-control': 'max-age=300',
33 verbose headers   'content-length': '95',
33 verbose headers   'accept-ranges': 'bytes',
33 verbose headers   date: 'Tue, 05 Jan 2016 10:37:34 GMT',
33 verbose headers   via: '1.1 varnish',
33 verbose headers   connection: 'keep-alive',
33 verbose headers   'x-served-by': 'cache-lax1432-LAX',
33 verbose headers   'x-cache': 'MISS',
33 verbose headers   'x-cache-hits': '0',
33 verbose headers   'x-timer': 'S1451990254.364277,VS0,VE180' }
34 verbose request invalidating /Users/edwardirby/.npm/registry.npmjs.org/jsontosass-loader on PUT
35 error publish Failed PUT 403
36 verbose stack Error: "You cannot publish over the previously published version 0.1.6." : jsontosass-loader
36 verbose stack     at makeError (/usr/local/lib/node_modules/npm/node_modules/npm-registry-client/lib/request.js:264:12)
36 verbose stack     at CachingRegistryClient.<anonymous> (/usr/local/lib/node_modules/npm/node_modules/npm-registry-client/lib/request.js:252:14)
36 verbose stack     at Request._callback (/usr/local/lib/node_modules/npm/node_modules/npm-registry-client/lib/request.js:172:14)
36 verbose stack     at Request.self.callback (/usr/local/lib/node_modules/npm/node_modules/request/request.js:198:22)
36 verbose stack     at emitTwo (events.js:87:13)
36 verbose stack     at Request.emit (events.js:172:7)
36 verbose stack     at Request.<anonymous> (/usr/local/lib/node_modules/npm/node_modules/request/request.js:1063:14)
36 verbose stack     at emitOne (events.js:82:20)
36 verbose stack     at Request.emit (events.js:169:7)
36 verbose stack     at IncomingMessage.<anonymous> (/usr/local/lib/node_modules/npm/node_modules/request/request.js:1009:12)
37 verbose statusCode 403
38 verbose pkgid jsontosass-loader
39 verbose cwd /Users/edwardirby/Workspace/jsontosass-loader
40 error Darwin 15.2.0
41 error argv "/usr/local/bin/node" "/usr/local/bin/npm" "publish" "--force"
42 error node v4.2.1
43 error npm  v2.14.7
44 error code E403
45 error "You cannot publish over the previously published version 0.1.6." : jsontosass-loader
46 error If you need help, you may report this error at:
46 error     <https://github.com/npm/npm/issues>
47 verbose exit [ 1, true ]
